<?xml version="1.0" encoding="UTF-8"?>
<testsuite xmlns:xsi="http://www.w3.org/2001/XMLSchema-instance" xsi:noNamespaceSchemaLocation="https://maven.apache.org/surefire/maven-surefire-plugin/xsd/surefire-test-report-3.0.xsd" version="3.0" name="com.SpringSecurityAuthantication.UserAndAdminAuthantication.UserAndAdminAuthanticationApplicationTests" time="8.294" tests="1" errors="0" skipped="0" failures="0">
  <properties>
[...]
</properties>
  <testcase name="contextLoads" classname="com.SpringSecurityAuthantication.UserAndAdminAuthantication.UserAndAdminAuthanticationApplicationTests" time="1.004">
    <system-out><![CDATA[19:12:56.435 [main] INFO org.springframework.test.context.support.AnnotationConfigContextLoaderUtils -- Could not detect default configuration classes for test class [com.SpringSecurityAuthantication.UserAndAdminAuthantication.UserAndAdminAuthanticationApplicationTests]: UserAndAdminAuthanticationApplicationTests does not declare any static, non-private, non-final, nested classes annotated with @Configuration.
19:12:56.576 [main] INFO org.springframework.boot.test.context.SpringBootTestContextBootstrapper -- Found @SpringBootConfiguration com.SpringSecurityAuthantication.UserAndAdminAuthantication.UserAndAdminAuthanticationApplication for test class com.SpringSecurityAuthantication.UserAndAdminAuthantication.UserAndAdminAuthanticationApplicationTests
19:12:56.828 [main] INFO org.springframework.boot.devtools.restart.RestartApplicationListener -- Restart disabled due to context in which it is running

  .   ____          _            __ _ _
 /\\ / ___'_ __ _ _(_)_ __  __ _ \ \ \ \
( ( )\___ | '_ | '_| | '_ \/ _` | \ \ \ \
 \\/  ___)| |_)| | | | | || (_| |  ) ) ) )
  '  |____| .__|_| |_|_| |_\__, | / / / /
 =========|_|==============|___/=/_/_/_/

 :: Spring Boot ::                (v3.3.3)

2024-09-08T19:12:57.318+05:30  INFO 8964 --- [UserAndAdminAuthantication] [           main] erAndAdminAuthanticationApplicationTests : Starting UserAndAdminAuthanticationApplicationTests using Java 21.0.4 with PID 8964 (started by lenovo in D:\projectlogo\RBA-main\UserAndAdminAuthantication)
2024-09-08T19:12:57.319+05:30  INFO 8964 --- [UserAndAdminAuthantication] [           main] erAndAdminAuthanticationApplicationTests : No active profile set, falling back to 1 default profile: "default"
2024-09-08T19:12:58.546+05:30  INFO 8964 --- [UserAndAdminAuthantication] [           main] .s.d.r.c.RepositoryConfigurationDelegate : Multiple Spring Data modules found, entering strict repository configuration mode
2024-09-08T19:12:58.548+05:30  INFO 8964 --- [UserAndAdminAuthantication] [           main] .s.d.r.c.RepositoryConfigurationDelegate : Bootstrapping Spring Data JPA repositories in DEFAULT mode.
2024-09-08T19:12:58.602+05:30  INFO 8964 --- [UserAndAdminAuthantication] [           main] .RepositoryConfigurationExtensionSupport : Spring Data JPA - Could not safely identify store assignment for repository candidate interface com.SpringSecurityAuthantication.UserAndAdminAuthantication.repository.UserRepository; If you want this repository to be a JPA repository, consider annotating your entities with one of these annotations: jakarta.persistence.Entity, jakarta.persistence.MappedSuperclass (preferred), or consider extending one of the following types with your repository: org.springframework.data.jpa.repository.JpaRepository
2024-09-08T19:12:58.604+05:30  INFO 8964 --- [UserAndAdminAuthantication] [           main] .s.d.r.c.RepositoryConfigurationDelegate : Finished Spring Data repository scanning in 38 ms. Found 0 JPA repository interfaces.
2024-09-08T19:12:58.675+05:30  INFO 8964 --- [UserAndAdminAuthantication] [           main] .s.d.r.c.RepositoryConfigurationDelegate : Multiple Spring Data modules found, entering strict repository configuration mode
2024-09-08T19:12:58.676+05:30  INFO 8964 --- [UserAndAdminAuthantication] [           main] .s.d.r.c.RepositoryConfigurationDelegate : Bootstrapping Spring Data MongoDB repositories in DEFAULT mode.
2024-09-08T19:12:58.711+05:30  INFO 8964 --- [UserAndAdminAuthantication] [           main] .s.d.r.c.RepositoryConfigurationDelegate : Finished Spring Data repository scanning in 35 ms. Found 1 MongoDB repository interface.
2024-09-08T19:12:59.452+05:30  INFO 8964 --- [UserAndAdminAuthantication] [           main] com.zaxxer.hikari.HikariDataSource       : HikariPool-1 - Starting...
2024-09-08T19:12:59.627+05:30  INFO 8964 --- [UserAndAdminAuthantication] [           main] com.zaxxer.hikari.pool.PoolBase          : HikariPool-1 - Driver does not support get/set network timeout for connections. (Receiver class org.h2.jdbc.JdbcConnection does not define or inherit an implementation of the resolved method 'abstract int getNetworkTimeout()' of interface java.sql.Connection.)
2024-09-08T19:12:59.643+05:30  INFO 8964 --- [UserAndAdminAuthantication] [           main] com.zaxxer.hikari.pool.HikariPool        : HikariPool-1 - Added connection conn0: url=jdbc:h2:mem:15c6d5bd-9d1e-4d91-aba7-66c950db6f97 user=SA
2024-09-08T19:12:59.646+05:30  INFO 8964 --- [UserAndAdminAuthantication] [           main] com.zaxxer.hikari.HikariDataSource       : HikariPool-1 - Start completed.
2024-09-08T19:12:59.732+05:30  INFO 8964 --- [UserAndAdminAuthantication] [           main] o.hibernate.jpa.internal.util.LogHelper  : HHH000204: Processing PersistenceUnitInfo [name: default]
2024-09-08T19:12:59.831+05:30  INFO 8964 --- [UserAndAdminAuthantication] [           main] org.hibernate.Version                    : HHH000412: Hibernate ORM core version 6.5.2.Final
2024-09-08T19:12:59.887+05:30  INFO 8964 --- [UserAndAdminAuthantication] [           main] o.h.c.internal.RegionFactoryInitiator    : HHH000026: Second-level cache disabled
2024-09-08T19:13:00.519+05:30  INFO 8964 --- [UserAndAdminAuthantication] [           main] o.s.o.j.p.SpringPersistenceUnitInfo      : No LoadTimeWeaver setup: ignoring JPA class transformer
2024-09-08T19:13:00.639+05:30  WARN 8964 --- [UserAndAdminAuthantication] [           main] org.hibernate.dialect.Dialect            : HHH000511: The 1.3.156 version for [org.hibernate.dialect.H2Dialect] is no longer supported, hence certain features may not work properly. The minimum supported version is 2.1.214. Check the community dialects project for available legacy versions.
2024-09-08T19:13:01.171+05:30  INFO 8964 --- [UserAndAdminAuthantication] [           main] o.h.e.t.j.p.i.JtaPlatformInitiator       : HHH000489: No JTA platform available (set 'hibernate.transaction.jta.platform' to enable JTA platform integration)
2024-09-08T19:13:01.180+05:30  INFO 8964 --- [UserAndAdminAuthantication] [           main] j.LocalContainerEntityManagerFactoryBean : Initialized JPA EntityManagerFactory for persistence unit 'default'
2024-09-08T19:13:01.532+05:30  INFO 8964 --- [UserAndAdminAuthantication] [           main] org.mongodb.driver.client                : MongoClient with metadata {"driver": {"name": "mongo-java-driver|sync|spring-boot", "version": "5.0.1"}, "os": {"type": "Windows", "name": "Windows 11", "architecture": "amd64", "version": "10.0"}, "platform": "Java/Eclipse Adoptium/21.0.4+7-LTS"} created with settings MongoClientSettings{readPreference=primary, writeConcern=WriteConcern{w=null, wTimeout=null ms, journal=null}, retryWrites=true, retryReads=true, readConcern=ReadConcern{level=null}, credential=null, transportSettings=null, commandListeners=[], codecRegistry=ProvidersCodecRegistry{codecProviders=[ValueCodecProvider{}, BsonValueCodecProvider{}, DBRefCodecProvider{}, DBObjectCodecProvider{}, DocumentCodecProvider{}, CollectionCodecProvider{}, IterableCodecProvider{}, MapCodecProvider{}, GeoJsonCodecProvider{}, GridFSFileCodecProvider{}, Jsr310CodecProvider{}, JsonObjectCodecProvider{}, BsonCodecProvider{}, EnumCodecProvider{}, com.mongodb.client.model.mql.ExpressionCodecProvider@7fd3fd06, com.mongodb.Jep395RecordCodecProvider@54ae1240, com.mongodb.KotlinCodecProvider@1c2b65cc]}, loggerSettings=LoggerSettings{maxDocumentLength=1000}, clusterSettings={hosts=[localhost:27017], srvServiceName=mongodb, mode=SINGLE, requiredClusterType=UNKNOWN, requiredReplicaSetName='null', serverSelector='null', clusterListeners='[]', serverSelectionTimeout='30000 ms', localThreshold='15 ms'}, socketSettings=SocketSettings{connectTimeoutMS=10000, readTimeoutMS=0, receiveBufferSize=0, proxySettings=ProxySettings{host=null, port=null, username=null, password=null}}, heartbeatSocketSettings=SocketSettings{connectTimeoutMS=10000, readTimeoutMS=10000, receiveBufferSize=0, proxySettings=ProxySettings{host=null, port=null, username=null, password=null}}, connectionPoolSettings=ConnectionPoolSettings{maxSize=100, minSize=0, maxWaitTimeMS=120000, maxConnectionLifeTimeMS=0, maxConnectionIdleTimeMS=0, maintenanceInitialDelayMS=0, maintenanceFrequencyMS=60000, connectionPoolListeners=[], maxConnecting=2}, serverSettings=ServerSettings{heartbeatFrequencyMS=10000, minHeartbeatFrequencyMS=500, serverListeners='[]', serverMonitorListeners='[]'}, sslSettings=SslSettings{enabled=false, invalidHostNameAllowed=false, context=null}, applicationName='null', compressorList=[], uuidRepresentation=JAVA_LEGACY, serverApi=null, autoEncryptionSettings=null, dnsClient=null, inetAddressResolver=null, contextProvider=null}
2024-09-08T19:13:01.943+05:30  INFO 8964 --- [UserAndAdminAuthantication] [localhost:27017] org.mongodb.driver.cluster               : Monitor thread successfully connected to server with description ServerDescription{address=localhost:27017, type=STANDALONE, state=CONNECTED, ok=true, minWireVersion=0, maxWireVersion=21, maxDocumentSize=16777216, logicalSessionTimeoutMinutes=30, roundTripTimeNanos=384083100}
2024-09-08T19:13:02.374+05:30  INFO 8964 --- [UserAndAdminAuthantication] [           main] eAuthenticationProviderManagerConfigurer : Global AuthenticationManager configured with AuthenticationProvider bean with name authenticationProvider
2024-09-08T19:13:02.376+05:30  WARN 8964 --- [UserAndAdminAuthantication] [           main] r$InitializeUserDetailsManagerConfigurer : Global AuthenticationManager configured with an AuthenticationProvider bean. UserDetailsService beans will not be used for username/password login. Consider removing the AuthenticationProvider bean. Alternatively, consider using the UserDetailsService in a manually instantiated DaoAuthenticationProvider.
2024-09-08T19:13:02.425+05:30  WARN 8964 --- [UserAndAdminAuthantication] [           main] JpaBaseConfiguration$JpaWebConfiguration : spring.jpa.open-in-view is enabled by default. Therefore, database queries may be performed during view rendering. Explicitly configure spring.jpa.open-in-view to disable this warning
2024-09-08T19:13:03.440+05:30  INFO 8964 --- [UserAndAdminAuthantication] [           main] erAndAdminAuthanticationApplicationTests : Started UserAndAdminAuthanticationApplicationTests in 6.634 seconds (process running for 8.197)
]]></system-out>
    <system-err><![CDATA[WARNING: A Java agent has been loaded dynamically (C:\Users\lenovo\.m2\repository\net\bytebuddy\byte-buddy-agent\1.14.19\byte-buddy-agent-1.14.19.jar)
WARNING: If a serviceability tool is in use, please run with -XX:+EnableDynamicAgentLoading to hide this warning
WARNING: If a serviceability tool is not in use, please run with -Djdk.instrument.traceUsage for more information
WARNING: Dynamic loading of agents will be disallowed by default in a future release
]]></system-err>
  </testcase>
</testsuite>